<?xml version="1.0" encoding="UTF-8"?>
<!-- Generated by org.testng.reporters.JUnitXMLReporter -->
<testsuite ignored="1" hostname="DESKTOP-EKJ5BNI" failures="0" tests="3" name="Test" time="9.555" errors="0" timestamp="13 may. 2023 13:38:03 GMT">
  <testcase classname="EducacionIT.Annotations" name="testCase1" time="0.021"/>
  <testcase classname="EducacionIT.Annotations" name="testCase2" time="0.004"/>
  <testcase classname="EducacionIT.Laboratorio3_Ejercicio1" name="registrarUsuario" time="3.784"/>
  <testcase classname="EducacionIT.Laboratorio3_Ejercicio1" name="pruebaTest" time="0.0">
    <ignored/>
  </testcase> <!-- pruebaTest -->
</testsuite> <!-- Test -->
